<?xml version="1.0" encoding="UTF-8"?>
<!-- Generated by org.testng.reporters.JUnitReportReporter -->
<testsuite skipped="0" hostname="DESKTOP-OO9JJOQ" name="testngSessions.InvocationCountConcept" tests="10" failures="0" timestamp="23 Oct 2020 21:00:12 GMT" time="0.031" errors="0">
  <testcase name="getTitle" time="0.000" classname="testngSessions.InvocationCountConcept"/>
  <testcase name="getTitle" time="0.000" classname="testngSessions.InvocationCountConcept"/>
  <testcase name="getTitle" time="0.000" classname="testngSessions.InvocationCountConcept"/>
  <testcase name="getTitle" time="0.000" classname="testngSessions.InvocationCountConcept"/>
  <testcase name="getTitle" time="0.000" classname="testngSessions.InvocationCountConcept"/>
  <testcase name="getTitle" time="0.000" classname="testngSessions.InvocationCountConcept"/>
  <testcase name="getTitle" time="0.016" classname="testngSessions.InvocationCountConcept"/>
  <testcase name="getTitle" time="0.015" classname="testngSessions.InvocationCountConcept"/>
  <testcase name="getTitle" time="0.000" classname="testngSessions.InvocationCountConcept"/>
  <testcase name="getTitle" time="0.000" classname="testngSessions.InvocationCountConcept"/>
</testsuite> <!-- testngSessions.InvocationCountConcept -->
