<?xml version="1.0" encoding="UTF-8"?>
<!-- Generated by org.testng.reporters.JUnitReportReporter -->
<testsuite skipped="0" hostname="DESKTOP-OO9JJOQ" name="testngSessions.HomePageTest" tests="2" failures="0" timestamp="27 Oct 2020 23:18:53 GMT" time="0.027" errors="0">
  <testcase name="homePageTitleTest" time="0.006" classname="testngSessions.HomePageTest"/>
  <testcase name="homePageTitleTest" time="0.021" classname="testngSessions.HomePageTest"/>
</testsuite> <!-- testngSessions.HomePageTest -->
