<?xml version="1.0" encoding="UTF-8"?>
<!-- Generated by org.testng.reporters.JUnitReportReporter -->
<testsuite skipped="0" hostname="DESKTOP-OO9JJOQ" name="testngSessions.TestngAnnotations" tests="2" failures="0" timestamp="23 Oct 2020 18:16:22 GMT" time="0.015" errors="0">
  <testcase name="test1" time="0.015" classname="testngSessions.TestngAnnotations"/>
  <testcase name="test2" time="0.000" classname="testngSessions.TestngAnnotations"/>
</testsuite> <!-- testngSessions.TestngAnnotations -->
