<?xml version="1.0" encoding="UTF-8"?>
<!-- Generated by org.testng.reporters.JUnitReportReporter -->
<testsuite skipped="0" hostname="DESKTOP-OO9JJOQ" name="testngSessions.ExpectedExceptionConcept" tests="1" failures="0" timestamp="27 Oct 2020 21:24:45 GMT" time="0.020" errors="0">
  <testcase name="exam1" time="0.020" classname="testngSessions.ExpectedExceptionConcept"/>
</testsuite> <!-- testngSessions.ExpectedExceptionConcept -->
