<?xml version="1.0" encoding="UTF-8"?>
<!-- Generated by org.testng.reporters.JUnitReportReporter -->
<testsuite skipped="0" hostname="DESKTOP-OO9JJOQ" name="testngSessions.TestngWithSelenium1" tests="3" failures="0" timestamp="23 Oct 2020 19:24:47 GMT" time="38.100" errors="0">
  <testcase name="titleTest" time="13.664" classname="testngSessions.TestngWithSelenium1"/>
  <testcase name="checkUrl" time="11.266" classname="testngSessions.TestngWithSelenium1"/>
  <testcase name="checkSearchBox" time="13.170" classname="testngSessions.TestngWithSelenium1"/>
</testsuite> <!-- testngSessions.TestngWithSelenium1 -->
